<?xml version="1.0" encoding="UTF-8"?>
<!-- Generated by org.testng.reporters.JUnitXMLReporter -->
<testsuite ignored="0" hostname="DESKTOP-OJFEH9S" failures="1" tests="1" name="Test" time="268.088" errors="0" timestamp="2023-04-28T16:56:32 IST">
  <testcase classname="browserstock.stack" name="test" time="268.028">
    <failure type="org.openqa.selenium.StaleElementReferenceException" message="The element &amp;apos;By.xpath: //android.widget.EditText[@checkable=&amp;apos;false&amp;apos;]&amp;apos; does not exist in DOM anymore
For documentation on this error, please visit: https://selenium.dev/exceptions/#stale_element_reference
Build info: version: &amp;apos;4.8.0&amp;apos;, revision: &amp;apos;267030adea&amp;apos;
System info: os.name: &amp;apos;Windows 10&amp;apos;, os.arch: &amp;apos;amd64&amp;apos;, os.version: &amp;apos;10.0&amp;apos;, java.version: &amp;apos;17.0.5&amp;apos;
Driver info: io.appium.java_client.android.AndroidDriver
Command: [89302681-747f-4b65-aeb9-116be11d2eff, clearElement {id=00000000-0000-0090-0000-4dab00000011}]
Capabilities {appium:appActivity: com.bellesoft.stprotradingr..., appium:appPackage: com.bellesoft.stprotradingroom, appium:databaseEnabled: false, appium:desired: {appActivity: com.bellesoft.stprotradingr..., appPackage: com.bellesoft.stprotradingroom, databaseEnabled: false, deviceName: Galaxy S20 FE 5G, platformName: android, platformVersion: 13, udid: 192.168.0.132:5555}, appium:deviceApiLevel: 33, appium:deviceManufacturer: samsung, appium:deviceModel: SM-G781B, appium:deviceName: 192.168.0.132:5555, appium:deviceScreenDensity: 480, appium:deviceScreenSize: 1080x2400, appium:deviceUDID: 192.168.0.132:5555, appium:javascriptEnabled: true, appium:locationContextEnabled: false, appium:networkConnectionEnabled: true, appium:pixelRatio: 3, appium:platformVersion: 13, appium:statBarHeight: 88, appium:takesScreenshot: true, appium:udid: 192.168.0.132:5555, appium:viewportRect: {height: 2080, left: 0, top: 88, width: 1080}, appium:warnings: {}, appium:webStorageEnabled: false, platformName: ANDROID}
Element: [[AndroidDriver:  on ANDROID (89302681-747f-4b65-aeb9-116be11d2eff)] -&amp;gt; xpath: //android.widget.EditText[@checkable=&amp;apos;false&amp;apos;]]
Session ID: 89302681-747f-4b65-aeb9-116be11d2eff">
      <![CDATA[org.openqa.selenium.StaleElementReferenceException: The element 'By.xpath: //android.widget.EditText[@checkable='false']' does not exist in DOM anymore
For documentation on this error, please visit: https://selenium.dev/exceptions/#stale_element_reference
Build info: version: '4.8.0', revision: '267030adea'
System info: os.name: 'Windows 10', os.arch: 'amd64', os.version: '10.0', java.version: '17.0.5'
Driver info: io.appium.java_client.android.AndroidDriver
Command: [89302681-747f-4b65-aeb9-116be11d2eff, clearElement {id=00000000-0000-0090-0000-4dab00000011}]
Capabilities {appium:appActivity: com.bellesoft.stprotradingr..., appium:appPackage: com.bellesoft.stprotradingroom, appium:databaseEnabled: false, appium:desired: {appActivity: com.bellesoft.stprotradingr..., appPackage: com.bellesoft.stprotradingroom, databaseEnabled: false, deviceName: Galaxy S20 FE 5G, platformName: android, platformVersion: 13, udid: 192.168.0.132:5555}, appium:deviceApiLevel: 33, appium:deviceManufacturer: samsung, appium:deviceModel: SM-G781B, appium:deviceName: 192.168.0.132:5555, appium:deviceScreenDensity: 480, appium:deviceScreenSize: 1080x2400, appium:deviceUDID: 192.168.0.132:5555, appium:javascriptEnabled: true, appium:locationContextEnabled: false, appium:networkConnectionEnabled: true, appium:pixelRatio: 3, appium:platformVersion: 13, appium:statBarHeight: 88, appium:takesScreenshot: true, appium:udid: 192.168.0.132:5555, appium:viewportRect: {height: 2080, left: 0, top: 88, width: 1080}, appium:warnings: {}, appium:webStorageEnabled: false, platformName: ANDROID}
Element: [[AndroidDriver:  on ANDROID (89302681-747f-4b65-aeb9-116be11d2eff)] -> xpath: //android.widget.EditText[@checkable='false']]
Session ID: 89302681-747f-4b65-aeb9-116be11d2eff
at org.openqa.selenium.remote.codec.w3c.W3CHttpResponseCodec.createException(W3CHttpResponseCodec.java:200)
at org.openqa.selenium.remote.codec.w3c.W3CHttpResponseCodec.decode(W3CHttpResponseCodec.java:133)
at org.openqa.selenium.remote.codec.w3c.W3CHttpResponseCodec.decode(W3CHttpResponseCodec.java:53)
at org.openqa.selenium.remote.HttpCommandExecutor.execute(HttpCommandExecutor.java:184)
at io.appium.java_client.remote.AppiumCommandExecutor.execute(AppiumCommandExecutor.java:262)
at org.openqa.selenium.remote.RemoteWebDriver.execute(RemoteWebDriver.java:543)
at org.openqa.selenium.remote.RemoteWebElement.execute(RemoteWebElement.java:257)
at org.openqa.selenium.remote.RemoteWebElement.clear(RemoteWebElement.java:132)
at org.openqa.selenium.support.pagefactory.internal.LocatingElementHandler.invoke(LocatingElementHandler.java:52)
at jdk.proxy2/jdk.proxy2.$Proxy15.clear(Unknown Source)
at browserstock.search.search1(search.java:51)
at browserstock.stack.test(stack.java:76)
at java.base/java.util.ArrayList.forEach(ArrayList.java:1511)
... Removed 36 stack frames]]>
    </failure>
  </testcase> <!-- test -->
</testsuite> <!-- Test -->
